[20:02:51] ⏳ Cargando variables de entorno...
[20:02:51] ✅ Variables de entorno cargadas.
[20:02:51] ⏳ Validando y construyendo conexión...
[20:02:51] ✅ Conexión y credenciales listas.
[20:02:51] ⏳ Configurando contenedor de dependencias...
[20:02:52] ✅ Contenedor configurado.
[20:02:52] ⏳ Verificando e inicializando la base de datos...
[20:02:52] ❌ Error durante la inicialización: Unable to resolve service for type 'VentusServer.DataAccess.Interfaces.ISpellDAO' while attempting to activate 'VentusServer.DataAccess.Postgres.DatabaseInitializer'.
[20:02:52] StackTrace:    at Microsoft.Extensions.DependencyInjection.ServiceLookup.CallSiteFactory.CreateArgumentCallSites(ServiceIdentifier serviceIdentifier, Type implementationType, CallSiteChain callSiteChain, ParameterInfo[] parameters, Boolean throwIfCallSiteNotFound)
   at Microsoft.Extensions.DependencyInjection.ServiceLookup.CallSiteFactory.CreateConstructorCallSite(ResultCache lifetime, ServiceIdentifier serviceIdentifier, Type implementationType, CallSiteChain callSiteChain)
   at Microsoft.Extensions.DependencyInjection.ServiceLookup.CallSiteFactory.TryCreateExact(ServiceDescriptor descriptor, ServiceIdentifier serviceIdentifier, CallSiteChain callSiteChain, Int32 slot)
   at Microsoft.Extensions.DependencyInjection.ServiceLookup.CallSiteFactory.TryCreateExact(ServiceIdentifier serviceIdentifier, CallSiteChain callSiteChain)
   at Microsoft.Extensions.DependencyInjection.ServiceLookup.CallSiteFactory.CreateCallSite(ServiceIdentifier serviceIdentifier, CallSiteChain callSiteChain)
   at Microsoft.Extensions.DependencyInjection.ServiceLookup.CallSiteFactory.GetCallSite(ServiceIdentifier serviceIdentifier, CallSiteChain callSiteChain)
   at Microsoft.Extensions.DependencyInjection.ServiceProvider.CreateServiceAccessor(ServiceIdentifier serviceIdentifier)
   at System.Collections.Concurrent.ConcurrentDictionary`2.GetOrAdd(TKey key, Func`2 valueFactory)
   at Microsoft.Extensions.DependencyInjection.ServiceProvider.GetService(ServiceIdentifier serviceIdentifier, ServiceProviderEngineScope serviceProviderEngineScope)
   at Microsoft.Extensions.DependencyInjection.ServiceProvider.GetService(Type serviceType)
   at Microsoft.Extensions.DependencyInjection.ServiceProviderServiceExtensions.GetRequiredService(IServiceProvider provider, Type serviceType)
   at Microsoft.Extensions.DependencyInjection.ServiceProviderServiceExtensions.GetRequiredService[T](IServiceProvider provider)
   at DatabaseStartup.InitDatabase(IServiceProvider serviceProvider) in C:\Users\pedro\Desktop\Ventus AO Project\ventus-server\Startup\DatabaseStartup.cs:line 18
   at Program.<Main>$(String[] args) in C:\Users\pedro\Desktop\Ventus AO Project\ventus-server\Program.cs:line 26
