[16:49:43] [RequirePermissionAttribute/Error] No se pudieron obtener los servicios necesarios desde el contenedor DI.
[16:50:23] [RequirePermissionAttribute/Error] No se pudieron obtener los servicios necesarios desde el contenedor DI.
[16:51:32] [RequirePermissionAttribute/Check] Claim de 'account_id' no válida o no presente.
[16:52:17] [RequirePermissionAttribute/Check] Claim de 'account_id' no válida o no presente.
[16:52:26] [RequirePermissionAttribute/Check] Claim de 'account_id' no válida o no presente.
[16:54:18] [RequirePermissionAttribute/Check] No se encontró 'AccountId' en HttpContext.Items o no es un GUID válido.
[16:55:32] [RequirePermissionAttribute/Check] No se encontró 'AccountId' en HttpContext.Items o no es un GUID válido.
[16:58:15] [RequirePermissionAttribute/Check] No se encontró 'AccountId' en HttpContext.Items o no es un GUID válido.
[17:00:08] [RequirePermissionAttribute/Check] No se encontró 'AccountId' en HttpContext.Items o no es un GUID válido.
[17:05:26] [RequirePermissionAttribute/Permission] Cuenta '3500546d-67db-4249-949b-c5b74bbac55a' no tiene el permiso requerido: AdminPanel.
[17:06:49] [RequirePermissionAttribute/Check] Cuenta no encontrada en caché para ID 3500546d-67db-4249-949b-c5b74bbac55a.
[17:14:43] [RequirePermissionAttribute/Permission] Cuenta '9b11c740-5490-4dac-bba9-e54658ca9dec' no tiene el permiso requerido: AdminPanel.
[17:14:48] [RequirePermissionAttribute/Permission] Cuenta '9b11c740-5490-4dac-bba9-e54658ca9dec' no tiene el permiso requerido: AdminPanel.
[17:16:20] [RequirePermissionAttribute/Permission] Cuenta '9b11c740-5490-4dac-bba9-e54658ca9dec' no tiene el permiso requerido: AdminPanel.
[17:16:33] [RequirePermissionAttribute/Permission] Cuenta '9b11c740-5490-4dac-bba9-e54658ca9dec' no tiene el permiso requerido: AdminPanel.
[17:18:35] [RequirePermissionAttribute/Permission] Cuenta '9b11c740-5490-4dac-bba9-e54658ca9dec' no tiene el permiso requerido: AdminPanel.
[20:57:16] [RequirePermissionAttribute/Permission] Cuenta 'c43e28b2-f4c6-432f-8887-87e47c567572' no tiene el permiso requerido: AdminPanel.
[20:57:16] [RequirePermissionAttribute/Permission] Cuenta 'c43e28b2-f4c6-432f-8887-87e47c567572' no tiene el permiso requerido: AdminPanel.
[20:57:20] [RequirePermissionAttribute/Permission] Cuenta 'c43e28b2-f4c6-432f-8887-87e47c567572' no tiene el permiso requerido: AdminPanel.
[20:57:20] [RequirePermissionAttribute/Permission] Cuenta 'c43e28b2-f4c6-432f-8887-87e47c567572' no tiene el permiso requerido: AdminPanel.
[20:58:33] [RequirePermissionAttribute/Permission] Cuenta 'c43e28b2-f4c6-432f-8887-87e47c567572' no tiene el permiso requerido: AdminPanel.
[20:58:33] [RequirePermissionAttribute/Permission] Cuenta 'c43e28b2-f4c6-432f-8887-87e47c567572' no tiene el permiso requerido: AdminPanel.
[20:58:35] [RequirePermissionAttribute/Permission] Cuenta 'c43e28b2-f4c6-432f-8887-87e47c567572' no tiene el permiso requerido: AdminPanel.
